<?xml version="1.0" encoding="UTF-8"?>
<testng-results ignored="0" total="0" passed="0" failed="0" skipped="0">
  <reporter-output>
  </reporter-output>
  <suite started-at="2020-01-07T16:53:02 CET" name="SE_Project" finished-at="2020-01-07T16:53:02 CET" duration-ms="11">
    <groups>
    </groups>
    <test started-at="2020-01-07T16:53:02 CET" name="TestNG tests" finished-at="2020-01-07T16:53:02 CET" duration-ms="11">
    </test> <!-- TestNG tests -->
  </suite> <!-- SE_Project -->
</testng-results>
